[LOG] System::create                           : Header version = 2.00.05. Current version = 2.00.05.
[LOG] Manager::init                            : maxchannels = 256 studioflags = 00000006 flags 00000000 extradriverdata 0000000000000000.
[LOG] SystemI::init                            : Initialize version=20005 (105402), maxchannels=256, flags=0x00020000
[LOG] SystemI::setOutputInternal               : Setting output to 'FMOD WASAPI Output'
[LOG] OutputWASAPI::init                       : Mix Format (WAVEFORMATEX): wFormatTag=0xFFFE, nChannels=2, nSamplesPerSec=48000, nAvgBytesPerSec=384000, nBlockAlign=8, wBitsPerSample=32, cbSize=22.
[LOG] OutputWASAPI::init                       : Mix Format (WAVEFORMATEXTENSIBLE): wValidBitsPerSample=32, dwChannelMask=0x00000003, SubFormat=00000003-0000-0010-8000-00AA00389B71.
[LOG] OutputWASAPI::init                       : Output buffer size: 4096 samples, latency: 0.00ms, period: 10.00ms, DSP buffer: 1024 * 4
[LOG] Thread::initThread                       : Init FMOD stream thread. Priority: 2, Stack Size: 98304, Semaphore: No, Sleep Time: 10, Looping: Yes.
[LOG] Thread::initThread                       : Init FMOD mixer thread. Priority: 3, Stack Size: 81920, Semaphore: No, Sleep Time: 0, Looping: Yes.
[LOG] AsyncManager::init                       : manager 0000021DFE418318 isAsync 0 updatePeriod 0.02
[LOG] AsyncManager::init                       : done
[LOG] PlaybackSystem::init                     : 
[LOG] Thread::initThread                       : Init FMOD Studio sample load thread. Priority: 0, Stack Size: 98304, Semaphore: No, Sleep Time: 1, Looping: No.
[LOG] PlaybackSystem::init                     : done
[LOG] Thread::initThread                       : Init FMOD Studio bank load thread. Priority: 0, Stack Size: 98304, Semaphore: No, Sleep Time: 1, Looping: No.
[LOG] Manager::init                            : done.
[LOG] Manager::readBank                        : fileversion = 121, compatVersion = 119 (oldest = 44, newest = 123)
[LOG] Manager::readBank                        : fileversion = 121, compatVersion = 119 (oldest = 44, newest = 123)
[LOG] SystemI::createSoundInternal             : Create name='', mode=0x02000202
[LOG] SystemI::createSoundInternal             : exinfo->cbsize             = 224
[LOG] SystemI::createSoundInternal             : exinfo->length             = 3561760
[LOG] SystemI::createSoundInternal             : exinfo->fileoffset         = 27488
[LOG] SystemI::createSoundInternal             : exinfo->numsubsounds       = 1
[LOG] SystemI::createSoundInternal             : exinfo->inclusionlist      = 000000F9F1D3F40C
[LOG] SystemI::createSoundInternal             : exinfo->inclusionlistnum   = 1
[LOG] SystemI::createSoundInternal             : exinfo->suggestedsoundtype = 5
[LOG] SystemI::createSoundInternal             : exinfo->useropen           = 00007FFA01B77F20
[LOG] SystemI::createSoundInternal             : exinfo->userclose          = 00007FFA01B77EF0
[LOG] SystemI::createSoundInternal             : exinfo->userread           = 00007FFA01B77FF0
[LOG] SystemI::createSoundInternal             : exinfo->userseek           = 00007FFA01B780B0
[LOG] SystemI::createSoundInternal             : exinfo->fileuserdata       = 0000021D1211BF58
[LOG] SystemI::createSoundInternal             : exinfo->initialseekpostype = 1
[LOG] SystemI::DSPCodecPoolRegister            : register codec pool for pool type 5
[LOG] SystemI::createSoundInternal             : Sample 0/1: name='Touch 2', format=2, channels=2, frequency=48000, lengthbytes=2560, lengthpcm=10031, pcmblocksize=0, loopstart=0, loopend=0, mode=0x00000000, channelmask=0x00000000, channelorder=0, peakvolume=0.287445.
[LOG] SystemI::createSoundInternal             : Create name='', mode=0x02000202
[LOG] SystemI::createSoundInternal             : exinfo->cbsize             = 224
[LOG] SystemI::createSoundInternal             : exinfo->length             = 3561760
[LOG] SystemI::createSoundInternal             : exinfo->fileoffset         = 27488
[LOG] SystemI::createSoundInternal             : exinfo->numsubsounds       = 1
[LOG] SystemI::createSoundInternal             : exinfo->inclusionlist      = 000000F9F1D3F40C
[LOG] SystemI::createSoundInternal             : exinfo->inclusionlistnum   = 1
[LOG] SystemI::createSoundInternal             : exinfo->suggestedsoundtype = 5
[LOG] SystemI::createSoundInternal             : exinfo->useropen           = 00007FFA01B77F20
[LOG] SystemI::createSoundInternal             : exinfo->userclose          = 00007FFA01B77EF0
[LOG] SystemI::createSoundInternal             : exinfo->userread           = 00007FFA01B77FF0
[LOG] SystemI::createSoundInternal             : exinfo->userseek           = 00007FFA01B780B0
[LOG] SystemI::createSoundInternal             : exinfo->fileuserdata       = 0000021D1211BF58
[LOG] SystemI::createSoundInternal             : exinfo->initialseekpostype = 1
[LOG] SystemI::DSPCodecPoolRegister            : register codec pool for pool type 5
[LOG] SystemI::createSoundInternal             : Sample 0/1: name='Touch 4', format=2, channels=2, frequency=48000, lengthbytes=6912, lengthpcm=29535, pcmblocksize=0, loopstart=0, loopend=0, mode=0x00000000, channelmask=0x00000000, channelorder=0, peakvolume=0.075012.
[LOG] SystemI::createSoundInternal             : Create name='', mode=0x02000202
[LOG] SystemI::createSoundInternal             : exinfo->cbsize             = 224
[LOG] SystemI::createSoundInternal             : exinfo->length             = 3561760
[LOG] SystemI::createSoundInternal             : exinfo->fileoffset         = 27488
[LOG] SystemI::createSoundInternal             : exinfo->numsubsounds       = 1
[LOG] SystemI::createSoundInternal             : exinfo->inclusionlist      = 000000F9F1D3F40C
[LOG] SystemI::createSoundInternal             : exinfo->inclusionlistnum   = 1
[LOG] SystemI::createSoundInternal             : exinfo->suggestedsoundtype = 5
[LOG] SystemI::createSoundInternal             : exinfo->useropen           = 00007FFA01B77F20
[LOG] SystemI::createSoundInternal             : exinfo->userclose          = 00007FFA01B77EF0
[LOG] SystemI::createSoundInternal             : exinfo->userread           = 00007FFA01B77FF0
[LOG] SystemI::createSoundInternal             : exinfo->userseek           = 00007FFA01B780B0
[LOG] SystemI::createSoundInternal             : exinfo->fileuserdata       = 0000021D1211BF58
[LOG] SystemI::createSoundInternal             : exinfo->initialseekpostype = 1
[LOG] SystemI::DSPCodecPoolRegister            : register codec pool for pool type 5
[LOG] SystemI::createSoundInternal             : Sample 0/1: name='Touch 3', format=2, channels=2, frequency=48000, lengthbytes=3776, lengthpcm=16718, pcmblocksize=0, loopstart=0, loopend=0, mode=0x00000000, channelmask=0x00000000, channelorder=0, peakvolume=0.108246.
[LOG] SystemI::createSoundInternal             : Create name='', mode=0x02000202
[LOG] SystemI::createSoundInternal             : exinfo->cbsize             = 224
[LOG] SystemI::createSoundInternal             : exinfo->length             = 3561760
[LOG] SystemI::createSoundInternal             : exinfo->fileoffset         = 27488
[LOG] SystemI::createSoundInternal             : exinfo->numsubsounds       = 1
[LOG] SystemI::createSoundInternal             : exinfo->inclusionlist      = 000000F9F1D3F40C
[LOG] SystemI::createSoundInternal             : exinfo->inclusionlistnum   = 1
[LOG] SystemI::createSoundInternal             : exinfo->suggestedsoundtype = 5
[LOG] SystemI::createSoundInternal             : exinfo->useropen           = 00007FFA01B77F20
[LOG] SystemI::createSoundInternal             : exinfo->userclose          = 00007FFA01B77EF0
[LOG] SystemI::createSoundInternal             : exinfo->userread           = 00007FFA01B77FF0
[LOG] SystemI::createSoundInternal             : exinfo->userseek           = 00007FFA01B780B0
[LOG] SystemI::createSoundInternal             : exinfo->fileuserdata       = 0000021D1211BF58
[LOG] SystemI::createSoundInternal             : exinfo->initialseekpostype = 1
[LOG] SystemI::DSPCodecPoolRegister            : register codec pool for pool type 5
[LOG] SystemI::createSoundInternal             : Sample 0/1: name='Touch 5', format=2, channels=2, frequency=48000, lengthbytes=8608, lengthpcm=39566, pcmblocksize=0, loopstart=0, loopend=0, mode=0x00000000, channelmask=0x00000000, channelorder=0, peakvolume=0.123932.
[LOG] SystemI::createSoundInternal             : Create name='', mode=0x02000202
[LOG] SystemI::createSoundInternal             : exinfo->cbsize             = 224
[LOG] SystemI::createSoundInternal             : exinfo->length             = 3561760
[LOG] SystemI::createSoundInternal             : exinfo->fileoffset         = 27488
[LOG] SystemI::createSoundInternal             : exinfo->numsubsounds       = 1
[LOG] SystemI::createSoundInternal             : exinfo->inclusionlist      = 000000F9F1D3F40C
[LOG] SystemI::createSoundInternal             : exinfo->inclusionlistnum   = 1
[LOG] SystemI::createSoundInternal             : exinfo->suggestedsoundtype = 5
[LOG] SystemI::createSoundInternal             : exinfo->useropen           = 00007FFA01B77F20
[LOG] SystemI::createSoundInternal             : exinfo->userclose          = 00007FFA01B77EF0
[LOG] SystemI::createSoundInternal             : exinfo->userread           = 00007FFA01B77FF0
[LOG] SystemI::createSoundInternal             : exinfo->userseek           = 00007FFA01B780B0
[LOG] SystemI::createSoundInternal             : exinfo->fileuserdata       = 0000021D1211BF58
[LOG] SystemI::createSoundInternal             : exinfo->initialseekpostype = 1
[LOG] SystemI::DSPCodecPoolRegister            : register codec pool for pool type 5
[LOG] SystemI::createSoundInternal             : Sample 0/1: name='Touch 1', format=2, channels=2, frequency=48000, lengthbytes=4608, lengthpcm=20062, pcmblocksize=0, loopstart=0, loopend=0, mode=0x00000000, channelmask=0x00000000, channelorder=0, peakvolume=0.080994.
[LOG] SystemI::createSoundInternal             : Create name='', mode=0x02000202
[LOG] SystemI::createSoundInternal             : exinfo->cbsize             = 224
[LOG] SystemI::createSoundInternal             : exinfo->length             = 3561760
[LOG] SystemI::createSoundInternal             : exinfo->fileoffset         = 27488
[LOG] SystemI::createSoundInternal             : exinfo->numsubsounds       = 1
[LOG] SystemI::createSoundInternal             : exinfo->inclusionlist      = 000000F9F1D3F40C
[LOG] SystemI::createSoundInternal             : exinfo->inclusionlistnum   = 1
[LOG] SystemI::createSoundInternal             : exinfo->suggestedsoundtype = 5
[LOG] SystemI::createSoundInternal             : exinfo->useropen           = 00007FFA01B77F20
[LOG] SystemI::createSoundInternal             : exinfo->userclose          = 00007FFA01B77EF0
[LOG] SystemI::createSoundInternal             : exinfo->userread           = 00007FFA01B77FF0
[LOG] SystemI::createSoundInternal             : exinfo->userseek           = 00007FFA01B780B0
[LOG] SystemI::createSoundInternal             : exinfo->fileuserdata       = 0000021D1211BF58
[LOG] SystemI::createSoundInternal             : exinfo->initialseekpostype = 1
[LOG] SystemI::DSPCodecPoolRegister            : register codec pool for pool type 5
[LOG] SystemI::createSoundInternal             : Sample 0/1: name='Touch 7', format=2, channels=2, frequency=48000, lengthbytes=3776, lengthpcm=15046, pcmblocksize=0, loopstart=0, loopend=0, mode=0x00000000, channelmask=0x00000000, channelorder=0, peakvolume=0.171997.
[LOG] SystemI::createSoundInternal             : Create name='', mode=0x02000202
[LOG] SystemI::createSoundInternal             : exinfo->cbsize             = 224
[LOG] SystemI::createSoundInternal             : exinfo->length             = 3561760
[LOG] SystemI::createSoundInternal             : exinfo->fileoffset         = 27488
[LOG] SystemI::createSoundInternal             : exinfo->numsubsounds       = 1
[LOG] SystemI::createSoundInternal             : exinfo->inclusionlist      = 000000F9F1D3F40C
[LOG] SystemI::createSoundInternal             : exinfo->inclusionlistnum   = 1
[LOG] SystemI::createSoundInternal             : exinfo->suggestedsoundtype = 5
[LOG] SystemI::createSoundInternal             : exinfo->useropen           = 00007FFA01B77F20
[LOG] SystemI::createSoundInternal             : exinfo->userclose          = 00007FFA01B77EF0
[LOG] SystemI::createSoundInternal             : exinfo->userread           = 00007FFA01B77FF0
[LOG] SystemI::createSoundInternal             : exinfo->userseek           = 00007FFA01B780B0
[LOG] SystemI::createSoundInternal             : exinfo->fileuserdata       = 0000021D1211BF58
[LOG] SystemI::createSoundInternal             : exinfo->initialseekpostype = 1
[LOG] SystemI::DSPCodecPoolRegister            : register codec pool for pool type 5
[LOG] SystemI::createSoundInternal             : Sample 0/1: name='Touch 6', format=2, channels=2, frequency=48000, lengthbytes=4192, lengthpcm=17832, pcmblocksize=0, loopstart=0, loopend=0, mode=0x00000000, channelmask=0x00000000, channelorder=0, peakvolume=0.426819.
[LOG] Manager::readBank                        : fileversion = 121, compatVersion = 119 (oldest = 44, newest = 123)
[LOG] SoundI::release                          : global 2020 (0000021D342A74A8)
[LOG] SoundI::release                          :     global 2020 (0000021D34089A38)
[LOG] SoundI::release                          :     global 2020 (0000021D342A6C38)
[LOG] SoundI::release                          :  (0000021B2AA7FC28)
[LOG] SoundI::release                          :     Touch 4 (0000021D2E006838)
[LOG] SoundI::release                          :  (0000021CCD862258)
[LOG] SoundI::release                          :     Touch 5 (0000021D2E005B38)
[LOG] SoundI::release                          :  (0000021CCD82DAD8)
[LOG] SoundI::release                          :     Touch 6 (0000021D2E007058)
[LOG] SoundI::release                          :  (0000021CCD82E378)
[LOG] SoundI::release                          :     Touch 7 (0000021D2E006D18)
[LOG] SoundI::release                          :  (0000021CCD82D518)
[LOG] SoundI::release                          :     Touch 1 (0000021D2E005CD8)
[LOG] SoundI::release                          :  (0000021D342B4AA8)
[LOG] SoundI::release                          :     Touch 2 (0000021D2E0057F8)
[LOG] SoundI::release                          :  (0000021D11E5A858)
[LOG] SoundI::release                          :     Touch 3 (0000021D2E006B78)
[LOG] Thread::callback                         : FMOD Studio update thread finished.
[LOG] Thread::callback                         : FMOD Studio bank load thread finished.
[LOG] Profile::disconnectAll                   : Profiler disconnecting all clients
[LOG] Thread::callback                         : FMOD Studio sample load thread finished.
[LOG] LiveUpdate::release                      : 
[LOG] LiveUpdate::reset                        : Reset connection (reason Disconnected)
[LOG] Thread::callback                         : FMOD stream thread finished.
[LOG] Thread::callback                         : FMOD mixer thread finished.
[LOG] Profile::disconnectAll                   : Profiler disconnecting all clients
[LOG] SystemI::close                           : Closed.
[LOG] Manager::readBank                        : fileversion = 121, compatVersion = 119 (oldest = 44, newest = 123)
[LOG] Manager::readBank                        : fileversion = 121, compatVersion = 119 (oldest = 44, newest = 123)
[LOG] Manager::readBank                        : fileversion = 121, compatVersion = 119 (oldest = 44, newest = 123)
[LOG] PlaybackSystem::acquireMasterBus         : Setting master channel group format to 6
[LOG] Thread::callback                         : FMOD Studio bank load thread finished.
[LOG] Thread::callback                         : FMOD Studio sample load thread finished.
[LOG] LiveUpdate::release                      : 
[LOG] LiveUpdate::reset                        : Reset connection (reason Disconnected)
[LOG] Thread::callback                         : FMOD stream thread finished.
[LOG] Thread::callback                         : FMOD mixer thread finished.
[LOG] Thread::callback                         : FMOD nonblocking thread (0) finished.
[LOG] Thread::callback                         : FMOD file thread finished.
[LOG] SystemI::close                           : Closed.
